<?xml version="1.0" encoding="UTF-8"?>
<!-- Generated by org.testng.reporters.JUnitReportReporter -->
<testsuite skipped="0" hostname="BDC6-DX-69X9NK2" name="POMpageobjectmodel.pageclasswithtestfac" tests="1" failures="0" timestamp="20 Nov 2019 07:02:42 GMT" time="14.885" errors="0">
  <testcase name="f" time="14.885" classname="POMpageobjectmodel.pageclasswithtestfac"/>
</testsuite> <!-- POMpageobjectmodel.pageclasswithtestfac -->
